app/build/outputs/logs/manifest-merger-debug-report.txt
-- Merging decision tree log ---
manifest
ADDED from src/main/AndroidManifest.xml:2:1-90:12
	package
		ADDED from src/main/AndroidManifest.xml:3:5-33
	android:versionName
		ADDED from src/main/AndroidManifest.xml:5:5-30
		INJECTED from src/main/AndroidManifest.xml
		INJECTED from src/main/AndroidManifest.xml
	android:versionCode
		ADDED from src/main/AndroidManifest.xml:4:5-28
		INJECTED from src/main/AndroidManifest.xml
		INJECTED from src/main/AndroidManifest.xml
	xmlns:android
		ADDED from src/main/AndroidManifest.xml:2:11-69
uses-sdk
ADDED from src/main/AndroidManifest.xml:7:5-9:41
MERGED from [com.android.support:appcompat-v7:23.0.0] AndroidManifest.xml:20:5-43
MERGED from [com.android.support:support-v4:23.0.0] AndroidManifest.xml:20:5-43
	android:targetSdkVersion
		ADDED from src/main/AndroidManifest.xml:9:9-38
		INJECTED from src/main/AndroidManifest.xml
		INJECTED from src/main/AndroidManifest.xml
	android:minSdkVersion
		ADDED from src/main/AndroidManifest.xml:8:9-35
		INJECTED from src/main/AndroidManifest.xml
		INJECTED from src/main/AndroidManifest.xml
uses-permission#android.permission.INTERNET
ADDED from src/main/AndroidManifest.xml:11:5-67
	android:name
		ADDED from src/main/AndroidManifest.xml:11:22-64
uses-permission#android.permission.MOUNT_UNMOUNT_FILESYSTEMS
ADDED from src/main/AndroidManifest.xml:13:5-84
	android:name
		ADDED from src/main/AndroidManifest.xml:13:22-81
uses-permission#android.permission.WRITE_EXTERNAL_STORAGE
ADDED from src/main/AndroidManifest.xml:15:5-81
	android:name
		ADDED from src/main/AndroidManifest.xml:15:22-78
uses-permission#android.permission.READ_EXTERNAL_STORAGE
ADDED from src/main/AndroidManifest.xml:17:5-80
	android:name
		ADDED from src/main/AndroidManifest.xml:17:22-77
uses-permission#android.permission.READ_PHONE_STATE
ADDED from src/main/AndroidManifest.xml:18:5-75
	android:name
		ADDED from src/main/AndroidManifest.xml:18:22-72
uses-permission#android.permission.GET_ACCOUNTS
ADDED from src/main/AndroidManifest.xml:20:5-71
	android:name
		ADDED from src/main/AndroidManifest.xml:20:22-68
uses-permission#android.permission.USE_CREDENTIALS
ADDED from src/main/AndroidManifest.xml:21:5-74
	android:name
		ADDED from src/main/AndroidManifest.xml:21:22-71
uses-permission#android.permission.MANAGE_ACCOUNTS
ADDED from src/main/AndroidManifest.xml:22:5-74
	android:name
		ADDED from src/main/AndroidManifest.xml:22:22-71
uses-permission#android.permission.AUTHENTICATE_ACCOUNTS
ADDED from src/main/AndroidManifest.xml:23:5-80
	android:name
		ADDED from src/main/AndroidManifest.xml:23:22-77
uses-permission#android.permission.ACCESS_NETWORK_STATE
ADDED from src/main/AndroidManifest.xml:24:5-79
	android:name
		ADDED from src/main/AndroidManifest.xml:24:22-76
uses-permission#android.permission.READ_SYNC_SETTINGS
ADDED from src/main/AndroidManifest.xml:26:5-76
	android:name
		ADDED from src/main/AndroidManifest.xml:26:22-74
uses-permission#android.permission.CHANGE_WIFI_STATE
ADDED from src/main/AndroidManifest.xml:27:5-76
	android:name
		ADDED from src/main/AndroidManifest.xml:27:22-73
uses-permission#android.permission.ACCESS_WIFI_STATE
ADDED from src/main/AndroidManifest.xml:28:5-76
	android:name
		ADDED from src/main/AndroidManifest.xml:28:22-73
uses-permission#android.permission.BROADCAST_STICKY
ADDED from src/main/AndroidManifest.xml:30:5-75
	android:name
		ADDED from src/main/AndroidManifest.xml:30:22-72
uses-permission#android.permission.WRITE_SETTINGS
ADDED from src/main/AndroidManifest.xml:31:5-73
	android:name
		ADDED from src/main/AndroidManifest.xml:31:22-70
uses-permission#android.permission.ACCESS_FINE_LOCATION
ADDED from src/main/AndroidManifest.xml:33:5-79
	android:name
		ADDED from src/main/AndroidManifest.xml:33:22-76
uses-permission#android.permission.BLUETOOTH
ADDED from src/main/AndroidManifest.xml:34:5-68
	android:name
		ADDED from src/main/AndroidManifest.xml:34:22-65
uses-permission#android.permission.BLUETOOTH_ADMIN
ADDED from src/main/AndroidManifest.xml:35:5-74
	android:name
		ADDED from src/main/AndroidManifest.xml:35:22-71
uses-permission#android.permission.ACCESS_COARSE_LOCATION
ADDED from src/main/AndroidManifest.xml:36:5-80
	android:name
		ADDED from src/main/AndroidManifest.xml:36:22-78
uses-feature#android.hardware.bluetooth_le
ADDED from src/main/AndroidManifest.xml:37:5-90
	android:required
		ADDED from src/main/AndroidManifest.xml:37:64-87
	android:name
		ADDED from src/main/AndroidManifest.xml:37:19-63
application
ADDED from src/main/AndroidManifest.xml:39:5-88:19
MERGED from [com.android.support:appcompat-v7:23.0.0] AndroidManifest.xml:22:5-20
MERGED from [com.android.support:support-v4:23.0.0] AndroidManifest.xml:22:5-20
	android:label
		ADDED from src/main/AndroidManifest.xml:42:9-41
	android:allowBackup
		ADDED from src/main/AndroidManifest.xml:40:9-35
	android:icon
		ADDED from src/main/AndroidManifest.xml:41:9-42
	android:theme
		ADDED from src/main/AndroidManifest.xml:43:9-56
meta-data#com.baidu.lbsapi.API_KEY
ADDED from src/main/AndroidManifest.xml:45:9-47:63
	android:value
		ADDED from src/main/AndroidManifest.xml:47:13-61
	android:name
		ADDED from src/main/AndroidManifest.xml:46:13-52
activity#com.example.vsense.Welcome
ADDED from src/main/AndroidManifest.xml:49:9-58:20
	android:screenOrientation
		ADDED from src/main/AndroidManifest.xml:51:13-49
	android:theme
		ADDED from src/main/AndroidManifest.xml:52:13-60
	android:name
		ADDED from src/main/AndroidManifest.xml:50:13-36
intent-filter#android.intent.action.MAIN+android.intent.category.LAUNCHER
ADDED from src/main/AndroidManifest.xml:53:13-57:29
action#android.intent.action.MAIN
ADDED from src/main/AndroidManifest.xml:54:17-69
	android:name
		ADDED from src/main/AndroidManifest.xml:54:25-66
category#android.intent.category.LAUNCHER
ADDED from src/main/AndroidManifest.xml:56:17-77
	android:name
		ADDED from src/main/AndroidManifest.xml:56:27-74
activity#com.example.vsense.MainActivity
ADDED from src/main/AndroidManifest.xml:59:9-62:61
	android:screenOrientation
		ADDED from src/main/AndroidManifest.xml:62:13-49
	android:label
		ADDED from src/main/AndroidManifest.xml:61:13-45
	android:name
		ADDED from src/main/AndroidManifest.xml:60:13-41
activity#com.example.vsense.StartActivity
ADDED from src/main/AndroidManifest.xml:63:9-71:20
	android:screenOrientation
		ADDED from src/main/AndroidManifest.xml:64:13-49
	android:name
		ADDED from src/main/AndroidManifest.xml:63:19-48
intent-filter#android.intent.action.VIEW+android.intent.category.LAUNCHER
ADDED from src/main/AndroidManifest.xml:66:13-70:29
action#android.intent.action.VIEW
ADDED from src/main/AndroidManifest.xml:67:17-69
	android:name
		ADDED from src/main/AndroidManifest.xml:67:25-66
activity#com.example.vsense.Ending
ADDED from src/main/AndroidManifest.xml:72:9-79:20
	android:screenOrientation
		ADDED from src/main/AndroidManifest.xml:73:13-49
	android:name
		ADDED from src/main/AndroidManifest.xml:72:19-41
activity#com.example.vsense.SelectActivity
ADDED from src/main/AndroidManifest.xml:80:9-81:61
	android:screenOrientation
		ADDED from src/main/AndroidManifest.xml:81:13-49
	android:name
		ADDED from src/main/AndroidManifest.xml:80:19-49
activity#com.example.vsense.FgActivity
ADDED from src/main/AndroidManifest.xml:82:9-83:51
	android:screenOrientation
		ADDED from src/main/AndroidManifest.xml:83:13-49
	android:name
		ADDED from src/main/AndroidManifest.xml:82:19-45